TN:
SF:script/EducatETH.s.sol
FN:9,EducatETHDeploy.run
FNDA:0,EducatETHDeploy.run
DA:10,0
DA:10,0
DA:12,0
DA:12,0
DA:12,0
DA:14,0
DA:14,0
DA:14,0
DA:15,0
DA:15,0
DA:17,0
DA:17,0
FNF:1
FNH:0
LF:5
LH:0
BRF:0
BRH:0
end_of_record
TN:
SF:script/EducatETHNFT.s.sol
FN:9,EducatETHNFTDeploy.setUp
FNDA:0,EducatETHNFTDeploy.setUp
FN:11,EducatETHNFTDeploy.run
FNDA:0,EducatETHNFTDeploy.run
DA:12,0
DA:12,0
DA:13,0
DA:13,0
DA:13,0
DA:14,0
DA:14,0
DA:14,0
DA:15,0
DA:15,0
DA:16,0
DA:16,0
FNF:2
FNH:0
LF:5
LH:0
BRF:0
BRH:0
end_of_record
TN:
SF:src/EducatETH.sol
FN:21,EducatETH.
FNDA:0,EducatETH.
DA:22,0
DA:22,0
FN:28,EducatETH.uri
FNDA:0,EducatETH.uri
DA:29,0
DA:29,0
FN:36,EducatETH.mint
FNDA:0,EducatETH.mint
DA:37,0
DA:37,0
DA:38,0
DA:38,0
FN:45,EducatETH.mintBatch
FNDA:0,EducatETH.mintBatch
DA:50,0
DA:50,0
DA:51,0
DA:51,0
DA:51,0
DA:51,0
DA:52,0
DA:52,0
FNF:4
FNH:0
LF:7
LH:0
BRF:0
BRH:0
end_of_record
TN:
SF:src/EducatETHNFT.sol
FN:11,EducatETHNFT.
FNDA:11,EducatETHNFT.
FN:16,EducatETHNFT._baseURI
FNDA:0,EducatETHNFT._baseURI
DA:17,0
DA:17,0
FN:21,EducatETHNFT.safeMint
FNDA:14,EducatETHNFT.safeMint
DA:22,13
DA:22,13
DA:22,13
DA:23,13
DA:23,13
FNF:3
FNH:2
LF:3
LH:2
BRF:0
BRH:0
end_of_record
